build/app/intermediates/manifest_merge_blame_file/debug/manifest-merger-blame-debug-report.txt
1<?xml version="1.0" encoding="utf-8"?>
2<manifest xmlns:android="http://schemas.android.com/apk/res/android"
3    package="com.example.ui"
4    android:versionCode="1"
5    android:versionName="1.0.0" >
6
7    <uses-sdk
8        android:minSdkVersion="16"
9        android:targetSdkVersion="28" />
10    <!--
11         Flutter needs it to communicate with the running application
12         to allow setting breakpoints, to provide hot reload, etc.
13    -->
14    <uses-permission android:name="android.permission.INTERNET" />
14-->src\debug\AndroidManifest.xml:6:5-66
14-->src\debug\AndroidManifest.xml:6:22-64
15    <!--
16     io.flutter.app.FlutterApplication is an android.app.Application that
17         calls FlutterMain.startInitialization(this); in its onCreate method.
18         In most cases you can leave this as-is, but you if you want to provide
19         additional functionality it is fine to subclass or reimplement
20         FlutterApplication and put your custom class here.
21    -->
22    <application
22-->src\main\AndroidManifest.xml:9:5-47:19
23        android:name="io.flutter.app.FlutterApplication"
23-->src\main\AndroidManifest.xml:10:9-57
24        android:appComponentFactory="androidx.core.app.CoreComponentFactory"
24-->[androidx.core:core:1.1.0] AndroidManifest.xml:24:18-86
25        android:debuggable="true"
26        android:icon="@mipmap/ic_launcher"
26-->src\main\AndroidManifest.xml:12:9-43
27        android:label="ui"
27-->src\main\AndroidManifest.xml:11:9-27
28        android:supportsRtl="true" >
28-->[com.facebook.android:facebook-share:5.9.0] AndroidManifest.xml:28:18-44
29        <activity
29-->src\main\AndroidManifest.xml:13:9-41:20
30            android:name="com.example.ui.MainActivity"
30-->src\main\AndroidManifest.xml:14:13-41
31            android:configChanges="orientation|keyboardHidden|keyboard|screenSize|smallestScreenSize|locale|layoutDirection|fontScale|screenLayout|density|uiMode"
31-->src\main\AndroidManifest.xml:17:13-163
32            android:hardwareAccelerated="true"
32-->src\main\AndroidManifest.xml:18:13-47
33            android:launchMode="singleTop"
33-->src\main\AndroidManifest.xml:15:13-43
34            android:theme="@style/LaunchTheme"
34-->src\main\AndroidManifest.xml:16:13-47
35            android:windowSoftInputMode="adjustResize" >
35-->src\main\AndroidManifest.xml:19:13-55
36
37            <!--
38                 Specifies an Android theme to apply to this Activity as soon as
39                 the Android process has started. This theme is visible to the user
40                 while the Flutter UI initializes. After that, this theme continues
41                 to determine the Window background behind the Flutter UI.
42            -->
43            <meta-data
43-->src\main\AndroidManifest.xml:24:13-27:17
44                android:name="io.flutter.embedding.android.NormalTheme"
44-->src\main\AndroidManifest.xml:25:15-70
45                android:resource="@style/NormalTheme" />
45-->src\main\AndroidManifest.xml:26:15-52
46            <!--
47                 Displays an Android View that continues showing the launch screen
48                 Drawable until Flutter paints its first frame, then this splash
49                 screen fades out. A splash screen is useful to avoid any visual
50                 gap between the end of Android's launch screen and the painting of
51                 Flutter's first frame.
52            -->
53            <meta-data
53-->src\main\AndroidManifest.xml:33:13-36:17
54                android:name="io.flutter.embedding.android.SplashScreenDrawable"
54-->src\main\AndroidManifest.xml:34:15-79
55                android:resource="@drawable/launch_background" />
55-->src\main\AndroidManifest.xml:35:15-61
56
57            <intent-filter>
57-->src\main\AndroidManifest.xml:37:13-40:29
58                <action android:name="android.intent.action.MAIN" />
58-->src\main\AndroidManifest.xml:38:17-68
58-->src\main\AndroidManifest.xml:38:25-66
59
60                <category android:name="android.intent.category.LAUNCHER" />
60-->src\main\AndroidManifest.xml:39:17-76
60-->src\main\AndroidManifest.xml:39:27-74
61            </intent-filter>
62        </activity>
63        <!--
64             Don't delete the meta-data below.
65             This is used by the Flutter tool to generate GeneratedPluginRegistrant.java
66        -->
67        <meta-data
67-->src\main\AndroidManifest.xml:44:9-46:33
68            android:name="flutterEmbedding"
68-->src\main\AndroidManifest.xml:45:13-44
69            android:value="2" />
69-->src\main\AndroidManifest.xml:46:13-30
70
71        <provider
71-->[:flutter_share_me] AndroidManifest.xml:10:9-18:20
72            android:name="zhuoyuan.li.fluttershareme.util.ShareFileProvider"
72-->[:flutter_share_me] AndroidManifest.xml:11:13-77
73            android:authorities="com.example.ui.provider"
73-->[:flutter_share_me] AndroidManifest.xml:12:13-60
74            android:exported="false"
74-->[:flutter_share_me] AndroidManifest.xml:13:13-37
75            android:grantUriPermissions="true" >
75-->[:flutter_share_me] AndroidManifest.xml:14:13-47
76            <meta-data
76-->[:flutter_share_me] AndroidManifest.xml:15:13-17:54
77                android:name="android.support.FILE_PROVIDER_PATHS"
77-->[:flutter_share_me] AndroidManifest.xml:16:17-67
78                android:resource="@xml/file_paths" />
78-->[:flutter_share_me] AndroidManifest.xml:17:17-51
79        </provider>
80
81        <activity
81-->[:url_launcher] AndroidManifest.xml:8:9-11:74
82            android:name="io.flutter.plugins.urllauncher.WebViewActivity"
82-->[:url_launcher] AndroidManifest.xml:9:13-74
83            android:exported="false"
83-->[:url_launcher] AndroidManifest.xml:10:13-37
84            android:theme="@android:style/Theme.NoTitleBar.Fullscreen" />
84-->[:url_launcher] AndroidManifest.xml:11:13-71
85        <activity
85-->[com.facebook.android:facebook-common:5.9.0] AndroidManifest.xml:29:9-32:66
86            android:name="com.facebook.FacebookActivity"
86-->[com.facebook.android:facebook-common:5.9.0] AndroidManifest.xml:30:13-57
87            android:configChanges="keyboard|keyboardHidden|screenLayout|screenSize|orientation"
87-->[com.facebook.android:facebook-common:5.9.0] AndroidManifest.xml:31:13-96
88            android:theme="@style/com_facebook_activity_theme" />
88-->[com.facebook.android:facebook-common:5.9.0] AndroidManifest.xml:32:13-63
89        <activity android:name="com.facebook.CustomTabMainActivity" />
89-->[com.facebook.android:facebook-common:5.9.0] AndroidManifest.xml:33:9-71
89-->[com.facebook.android:facebook-common:5.9.0] AndroidManifest.xml:33:19-68
90        <activity android:name="com.facebook.CustomTabActivity" />
90-->[com.facebook.android:facebook-common:5.9.0] AndroidManifest.xml:34:9-67
90-->[com.facebook.android:facebook-common:5.9.0] AndroidManifest.xml:34:19-64
91        <activity
91-->[com.twitter.sdk.android:tweet-ui:3.1.1] AndroidManifest.xml:28:9-31:49
92            android:name="com.twitter.sdk.android.tweetui.PlayerActivity"
92-->[com.twitter.sdk.android:tweet-ui:3.1.1] AndroidManifest.xml:29:13-74
93            android:configChanges="keyboardHidden|orientation|screenSize"
93-->[com.twitter.sdk.android:tweet-ui:3.1.1] AndroidManifest.xml:30:13-74
94            android:theme="@style/MediaTheme" />
94-->[com.twitter.sdk.android:tweet-ui:3.1.1] AndroidManifest.xml:31:13-46
95        <activity
95-->[com.twitter.sdk.android:tweet-ui:3.1.1] AndroidManifest.xml:32:9-34:49
96            android:name="com.twitter.sdk.android.tweetui.GalleryActivity"
96-->[com.twitter.sdk.android:tweet-ui:3.1.1] AndroidManifest.xml:33:13-75
97            android:theme="@style/MediaTheme" />
97-->[com.twitter.sdk.android:tweet-ui:3.1.1] AndroidManifest.xml:34:13-46
98        <!--
99         The initialization ContentProvider will call FacebookSdk.sdkInitialize automatically
100         with the application context. This config is merged in with the host app's manifest,
101         but there can only be one provider with the same authority activated at any given
102         point; so if the end user has two or more different apps that use Facebook SDK, only the
103         first one will be able to use the provider. To work around this problem, we use the
104         following placeholder in the authority to identify each host application as if it was
105         a completely different provider.
106        -->
107        <provider
107-->[com.facebook.android:facebook-core:5.9.0] AndroidManifest.xml:39:9-42:40
108            android:name="com.facebook.internal.FacebookInitProvider"
108-->[com.facebook.android:facebook-core:5.9.0] AndroidManifest.xml:40:13-70
109            android:authorities="com.example.ui.FacebookInitProvider"
109-->[com.facebook.android:facebook-core:5.9.0] AndroidManifest.xml:41:13-72
110            android:exported="false" />
110-->[com.facebook.android:facebook-core:5.9.0] AndroidManifest.xml:42:13-37
111
112        <receiver
112-->[com.facebook.android:facebook-core:5.9.0] AndroidManifest.xml:44:9-50:20
113            android:name="com.facebook.CurrentAccessTokenExpirationBroadcastReceiver"
113-->[com.facebook.android:facebook-core:5.9.0] AndroidManifest.xml:45:13-86
114            android:exported="false" >
114-->[com.facebook.android:facebook-core:5.9.0] AndroidManifest.xml:46:13-37
115            <intent-filter>
115-->[com.facebook.android:facebook-core:5.9.0] AndroidManifest.xml:47:13-49:29
116                <action android:name="com.facebook.sdk.ACTION_CURRENT_ACCESS_TOKEN_CHANGED" />
116-->[com.facebook.android:facebook-core:5.9.0] AndroidManifest.xml:48:17-95
116-->[com.facebook.android:facebook-core:5.9.0] AndroidManifest.xml:48:25-92
117            </intent-filter>
118        </receiver>
119        <receiver
119-->[com.facebook.android:facebook-core:5.9.0] AndroidManifest.xml:51:9-58:20
120            android:name="com.facebook.CampaignTrackingReceiver"
120-->[com.facebook.android:facebook-core:5.9.0] AndroidManifest.xml:52:13-65
121            android:exported="true"
121-->[com.facebook.android:facebook-core:5.9.0] AndroidManifest.xml:53:13-36
122            android:permission="android.permission.INSTALL_PACKAGES" >
122-->[com.facebook.android:facebook-core:5.9.0] AndroidManifest.xml:54:13-69
123            <intent-filter>
123-->[com.facebook.android:facebook-core:5.9.0] AndroidManifest.xml:55:13-57:29
124                <action android:name="com.android.vending.INSTALL_REFERRER" />
124-->[com.facebook.android:facebook-core:5.9.0] AndroidManifest.xml:56:17-79
124-->[com.facebook.android:facebook-core:5.9.0] AndroidManifest.xml:56:25-76
125            </intent-filter>
126        </receiver>
127
128        <activity
128-->[com.twitter.sdk.android:tweet-composer:3.1.1] AndroidManifest.xml:28:9-31:71
129            android:name="com.twitter.sdk.android.tweetcomposer.ComposerActivity"
129-->[com.twitter.sdk.android:tweet-composer:3.1.1] AndroidManifest.xml:29:13-82
130            android:exported="false"
130-->[com.twitter.sdk.android:tweet-composer:3.1.1] AndroidManifest.xml:30:13-37
131            android:windowSoftInputMode="adjustResize|stateVisible" />
131-->[com.twitter.sdk.android:tweet-composer:3.1.1] AndroidManifest.xml:31:13-68
132
133        <service
133-->[com.twitter.sdk.android:tweet-composer:3.1.1] AndroidManifest.xml:33:9-36:40
134            android:name="com.twitter.sdk.android.tweetcomposer.TweetUploadService"
134-->[com.twitter.sdk.android:tweet-composer:3.1.1] AndroidManifest.xml:34:13-84
135            android:enabled="true"
135-->[com.twitter.sdk.android:tweet-composer:3.1.1] AndroidManifest.xml:35:13-35
136            android:exported="false" />
136-->[com.twitter.sdk.android:tweet-composer:3.1.1] AndroidManifest.xml:36:13-37
137
138        <activity
138-->[com.twitter.sdk.android:twitter-core:3.1.1] AndroidManifest.xml:28:9-32:40
139            android:name="com.twitter.sdk.android.core.identity.OAuthActivity"
139-->[com.twitter.sdk.android:twitter-core:3.1.1] AndroidManifest.xml:29:13-79
140            android:configChanges="orientation|screenSize"
140-->[com.twitter.sdk.android:twitter-core:3.1.1] AndroidManifest.xml:30:13-59
141            android:excludeFromRecents="true"
141-->[com.twitter.sdk.android:twitter-core:3.1.1] AndroidManifest.xml:31:13-46
142            android:exported="false" />
142-->[com.twitter.sdk.android:twitter-core:3.1.1] AndroidManifest.xml:32:13-37
143    </application>
144
145</manifest>